<?xml version="1.0" encoding="UTF-8"?>
<coverage generated="1575963216444" clover="3.2.0">
  <project timestamp="1575963216444" name="All files">
    <metrics statements="6" coveredstatements="5" conditionals="2" coveredconditionals="1" methods="4" coveredmethods="3" elements="12" coveredelements="9" complexity="0" loc="6" ncloc="6" packages="1" files="2" classes="2"/>
    <file name="Header.vue" path="D:\mandy_project\jestShareDom\demo2\src\views\TodoList\components\Header.vue">
      <metrics statements="4" coveredstatements="4" conditionals="2" coveredconditionals="1" methods="2" coveredmethods="2"/>
      <line num="14" count="1" type="stmt"/>
      <line num="20" count="1" type="cond" truecount="1" falsecount="1"/>
      <line num="21" count="1" type="stmt"/>
      <line num="22" count="1" type="stmt"/>
    </file>
    <file name="UndoList.vue" path="D:\mandy_project\jestShareDom\demo2\src\views\TodoList\components\UndoList.vue">
      <metrics statements="2" coveredstatements="1" conditionals="0" coveredconditionals="0" methods="2" coveredmethods="1"/>
      <line num="18" count="0" type="stmt"/>
      <line num="24" count="1" type="stmt"/>
    </file>
  </project>
</coverage>
