{"D:\\mandy_project\\jestShareDom\\demo2\\src\\views\\TodoList\\components\\Header.vue": {"path":"D:\\mandy_project\\jestShareDom\\demo2\\src\\views\\TodoList\\components\\Header.vue","statementMap":{"0":{"start":{"line":14,"column":0},"end":{"line":14,"column":null}},"1":{"start":{"line":20,"column":0},"end":{"line":23,"column":null}},"2":{"start":{"line":21,"column":0},"end":{"line":21,"column":null}},"3":{"start":{"line":22,"column":0},"end":{"line":22,"column":null}}},"fnMap":{"0":{"name":"(anonymous_1)","decl":{"start":{"line":13,"column":0},"end":{"line":13,"column":null}},"loc":{"start":{"line":13,"column":0},"end":{"line":17,"column":null}}},"1":{"name":"(anonymous_2)","decl":{"start":{"line":19,"column":0},"end":{"line":19,"column":null}},"loc":{"start":{"line":19,"column":0},"end":{"line":24,"column":null}}}},"branchMap":{"0":{"loc":{"start":{"line":20,"column":0},"end":{"line":23,"column":null}},"type":"if","locations":[{"start":{"line":20,"column":0},"end":{"line":23,"column":null}},{"start":{"line":20,"column":0},"end":{"line":23,"column":null}}]}},"s":{"0":1,"1":1,"2":1,"3":1},"f":{"0":1,"1":1},"b":{"0":[1,0]}}
,"D:\\mandy_project\\jestShareDom\\demo2\\src\\views\\TodoList\\components\\UndoList.vue": {"path":"D:\\mandy_project\\jestShareDom\\demo2\\src\\views\\TodoList\\components\\UndoList.vue","statementMap":{"0":{"start":{"line":18,"column":0},"end":{"line":18,"column":null}},"1":{"start":{"line":24,"column":0},"end":{"line":24,"column":null}}},"fnMap":{"0":{"name":"(anonymous_1)","decl":{"start":{"line":17,"column":0},"end":{"line":17,"column":null}},"loc":{"start":{"line":17,"column":0},"end":{"line":19,"column":null}}},"1":{"name":"(anonymous_2)","decl":{"start":{"line":23,"column":0},"end":{"line":23,"column":null}},"loc":{"start":{"line":23,"column":0},"end":{"line":25,"column":null}}}},"branchMap":{},"s":{"0":0,"1":1},"f":{"0":0,"1":1},"b":{}}
}
