TN:
SF:D:\mandy_project\jestShareDom\demo2\src\views\TodoList\components\Header.vue
FN:13,(anonymous_1)
FN:19,(anonymous_2)
FNF:2
FNH:2
FNDA:1,(anonymous_1)
FNDA:1,(anonymous_2)
DA:14,1
DA:20,1
DA:21,1
DA:22,1
LF:4
LH:4
BRDA:20,0,0,1
BRDA:20,0,1,0
BRF:2
BRH:1
end_of_record
TN:
SF:D:\mandy_project\jestShareDom\demo2\src\views\TodoList\components\UndoList.vue
FN:17,(anonymous_1)
FN:23,(anonymous_2)
FNF:2
FNH:1
FNDA:0,(anonymous_1)
FNDA:1,(anonymous_2)
DA:18,0
DA:24,1
LF:2
LH:1
BRF:0
BRH:0
end_of_record
